9/22/2021, 5:20:05 PM - ERROR - cannot find pets | ReferenceError: criteria is not defined 
9/22/2021, 5:21:45 PM - ERROR - cannot find pets | ReferenceError: pets is not defined 
9/22/2021, 5:21:58 PM - ERROR - cannot find pets | ReferenceError: pets is not defined 
9/26/2021, 2:26:34 PM - ERROR - cannot find trees | ReferenceError: logger is not defined 
9/26/2021, 2:26:34 PM - ERROR - cannot find pets | ReferenceError: logger is not defined 
9/26/2021, 2:26:56 PM - ERROR - cannot find pets | ReferenceError: logger is not defined 
9/26/2021, 2:26:56 PM - ERROR - cannot find trees | ReferenceError: logger is not defined 
9/26/2021, 2:27:03 PM - ERROR - cannot find pets | ReferenceError: logger is not defined 
9/26/2021, 2:27:03 PM - ERROR - cannot find pets | ReferenceError: logger is not defined 
9/26/2021, 2:27:03 PM - ERROR - cannot find trees | ReferenceError: logger is not defined 
9/26/2021, 2:27:14 PM - ERROR - cannot find pets | ReferenceError: logger is not defined 
9/26/2021, 2:27:14 PM - ERROR - cannot find trees | ReferenceError: logger is not defined 
9/26/2021, 2:27:51 PM - ERROR - cannot find pets | ReferenceError: logger is not defined 
9/26/2021, 2:27:51 PM - ERROR - cannot find trees | ReferenceError: logger is not defined 
9/28/2021, 9:27:33 PM - ERROR - cannot find pets | MongoNetworkTimeoutError: connection timed out 
9/28/2021, 9:28:03 PM - ERROR - cannot find pets | MongoNetworkTimeoutError: connection timed out 
9/28/2021, 9:29:33 PM - ERROR - cannot find pets | MongoNetworkTimeoutError: connection timed out 
9/28/2021, 9:30:03 PM - ERROR - cannot find pets | MongoNetworkTimeoutError: connection timed out 
9/28/2021, 9:56:42 PM - ERROR - cannot find pets | MongoServerSelectionError: connection timed out 
9/28/2021, 9:57:02 PM - ERROR - cannot find pets | MongoServerSelectionError: connection timed out 
9/28/2021, 9:58:51 PM - ERROR - cannot find pets | MongoServerSelectionError: getaddrinfo ENOTFOUND trees-shard-00-02.z1890.mongodb.net 
9/30/2021, 9:40:21 AM - ERROR - cannot find pets | ReferenceError: surveyId is not defined 
9/30/2021, 9:40:37 AM - ERROR - cannot find pets | ReferenceError: surveyId is not defined 
9/30/2021, 9:40:45 AM - ERROR - cannot find pets | ReferenceError: surveyId is not defined 
9/30/2021, 9:42:25 AM - ERROR - cannot find pets | ReferenceError: surveyId is not defined 
9/30/2021, 9:45:17 AM - ERROR - cannot find trees | ReferenceError: surveyId is not defined 
9/30/2021, 9:47:01 AM - ERROR - cannot find trees | ReferenceError: surveyTitle is not defined 
9/30/2021, 1:05:08 PM - ERROR - cannot find pets | ReferenceError: surveyDate is not defined 
9/30/2021, 1:05:35 PM - ERROR - cannot find pets | ReferenceError: surveyDate is not defined 
9/30/2021, 1:13:57 PM - ERROR - cannot find pets | ReferenceError: key is not defined 
9/30/2021, 1:14:29 PM - ERROR - cannot  querySurveyIdList | ReferenceError: key is not defined 
9/30/2021, 1:14:50 PM - ERROR - cannot  querySurveyIdList | ReferenceError: key is not defined 
9/30/2021, 1:15:23 PM - ERROR - cannot  querySurveyIdList | ReferenceError: surveyTitle is not defined 
9/30/2021, 1:15:38 PM - ERROR - cannot  querySurveyIdList | ReferenceError: surveyId is not defined 
9/30/2021, 1:51:59 PM - ERROR - cannot  querySurveyIdList | ReferenceError: surveyId is not defined 
9/30/2021, 1:52:13 PM - ERROR - cannot  querySurveyIdList | ReferenceError: uniqueSurveyIdList is not defined 
9/30/2021, 1:52:35 PM - ERROR - cannot  querySurveyIdList | ReferenceError: uniqueSurveyIdList is not defined 
9/30/2021, 1:52:56 PM - ERROR - cannot  querySurveyIdList | ReferenceError: surveyId is not defined 
9/30/2021, 2:04:00 PM - ERROR - cannot  querySurveyIdList | TypeError: Cannot read property 'set' of undefined 
9/30/2021, 8:37:10 PM - ERROR - cannot  querySurveyIdList | MongoServerSelectionError: getaddrinfo ENOTFOUND trees-shard-00-00.z1890.mongodb.net 
10/6/2021, 6:23:28 PM - ERROR - cannot  querySurveyIdList | ReferenceError: logger is not defined 
10/6/2021, 6:23:40 PM - ERROR - cannot  querySurveyIdList | ReferenceError: logger is not defined 
10/6/2021, 7:07:21 PM - ERROR - cannot  querySurveyIdList | MongoServerSelectionError: getaddrinfo ENOTFOUND trees-shard-00-00.z1890.mongodb.net 
10/6/2021, 7:17:55 PM - ERROR - cannot  querySurveyIdList | MongoServerSelectionError: getaddrinfo ENOTFOUND trees-shard-00-00.z1890.mongodb.net 
10/13/2021, 3:49:32 PM - ERROR - cannot  querySurveyIdList | ReferenceError: logger is not defined 
10/13/2021, 3:49:35 PM - ERROR - cannot  querySurveyIdList | ReferenceError: logger is not defined 
